<?xml version="1.0" encoding="UTF-8" ?>
<testsuite errors="0" failures="0" hostname="Book-Sergio" name="com.psat.exercise.GroupPriorityTest" skipped="0" tests="3" time="0.081" timestamp="2015-06-18T00:42:29">
  <properties>
[...]
</properties>
  <testcase classname="com.psat.exercise.GroupPriorityTest" name="testGroupPrioritisation" time="0.005" />
  <testcase classname="com.psat.exercise.GroupPriorityTest" name="testGroupPriorityCreationWithNoNull" time="0.0" />
  <testcase classname="com.psat.exercise.GroupPriorityTest" name="testGroupPriorityCreationWithNullHashTable" time="0.0" />
  <system-out><![CDATA[]]></system-out>
  <system-err><![CDATA[]]></system-err>
</testsuite>
